<?xml version="1.0" encoding="UTF-8"?>
<testng-results ignored="0" total="1" passed="1" failed="0" skipped="0">
  <reporter-output>
  </reporter-output>
  <suite started-at="2023-02-28T15:27:51 IST" name="flipkart_v001" finished-at="2023-02-28T15:28:10 IST" duration-ms="18922">
    <groups>
    </groups>
    <test started-at="2023-02-28T15:27:51 IST" name="flipkart_v001 Test" finished-at="2023-02-28T15:28:10 IST" duration-ms="18922">
      <class name="com.flipkart_v001.testCase.TC_productbuyTest_001">
        <test-method is-config="true" signature="setup(java.lang.String)[pri:0, instance:com.flipkart_v001.testCase.TC_productbuyTest_001@3901d134]" started-at="2023-02-28T15:27:51 IST" name="setup" finished-at="2023-02-28T15:27:58 IST" duration-ms="6283" status="PASS">
          <params>
            <param index="0">
              <value>
                <![CDATA[chrome]]>
              </value>
            </param>
          </params>
          <reporter-output>
          </reporter-output>
        </test-method> <!-- setup -->
        <test-method signature="productBuyTest()[pri:0, instance:com.flipkart_v001.testCase.TC_productbuyTest_001@3901d134]" started-at="2023-02-28T15:27:58 IST" name="productBuyTest" finished-at="2023-02-28T15:28:10 IST" duration-ms="12053" status="PASS">
          <reporter-output>
          </reporter-output>
        </test-method> <!-- productBuyTest -->
        <test-method is-config="true" signature="tearDown()[pri:0, instance:com.flipkart_v001.testCase.TC_productbuyTest_001@3901d134]" started-at="2023-02-28T15:28:10 IST" name="tearDown" finished-at="2023-02-28T15:28:10 IST" duration-ms="296" status="PASS">
          <reporter-output>
          </reporter-output>
        </test-method> <!-- tearDown -->
      </class> <!-- com.flipkart_v001.testCase.TC_productbuyTest_001 -->
    </test> <!-- flipkart_v001 Test -->
  </suite> <!-- flipkart_v001 -->
</testng-results>
